[03:24:56] [ServerMain/INFO]: [bootstrap] Running Java 21 (OpenJDK 64-Bit Server VM 21.0.5+11-Ubuntu-1ubuntu120.04; Ubuntu null) on Linux 6.5.0-1025-azure (amd64)
[03:24:56] [ServerMain/INFO]: [bootstrap] Loading Paper 1.21.3-29-master@be886cf (2024-11-15T09:07:14Z) for Minecraft 1.21.3
[03:24:56] [ServerMain/INFO]: [PluginInitializerManager] Initializing plugins...
[03:24:57] [ServerMain/INFO]: [PluginInitializerManager] Initialized 7 plugins
[03:24:57] [ServerMain/INFO]: [PluginInitializerManager] Bukkit plugins (7):
 - AngelChest (13.9.0), Geyser-Spigot (2.5.1-SNAPSHOT), RealRegions (0.7.4), SkinsRestorer (15.5.0), ViaVersion (5.2.0), WorldEdit (7.3.9-beta-01+e8aa544), floodgate (2.2.3-SNAPSHOT (b114-83fbd6e))
[03:25:01] [ServerMain/INFO]: Environment: Environment[sessionHost=https://sessionserver.mojang.com, servicesHost=https://api.minecraftservices.com, name=PROD]
[03:25:02] [ServerMain/INFO]: Loaded 1337 recipes
[03:25:02] [ServerMain/INFO]: Loaded 1448 advancements
[03:25:02] [Server thread/INFO]: Starting minecraft server version 1.21.3
[03:25:02] [Server thread/INFO]: Loading properties
[03:25:02] [Server thread/INFO]: This server is running Paper version 1.21.3-29-master@be886cf (2024-11-15T09:07:14Z) (Implementing API version 1.21.3-R0.1-SNAPSHOT)
[03:25:03] [Server thread/INFO]: [spark] This server bundles the spark profiler. For more information please visit https://docs.papermc.io/paper/profiling
[03:25:03] [Server thread/INFO]: Server Ping Player Sample Count: 12
[03:25:03] [Server thread/INFO]: Using 4 threads for Netty based IO
[03:25:04] [Server thread/INFO]: [ca.spottedleaf.moonrise.common.util.MoonriseCommon] Paper is using 1 worker threads, 1 I/O threads
[03:25:04] [Server thread/INFO]: [ca.spottedleaf.moonrise.patches.chunk_system.scheduling.ChunkTaskScheduler] Chunk system is using population gen parallelism: true
[03:25:04] [Server thread/INFO]: Default game type: SURVIVAL
[03:25:04] [Server thread/INFO]: Generating keypair
[03:25:04] [Server thread/INFO]: Starting Minecraft server on *:25565
[03:25:04] [Server thread/INFO]: Using epoll channel type
[03:25:04] [Server thread/INFO]: Paper: Using libdeflate (Linux x86_64) compression from Velocity.
[03:25:04] [Server thread/INFO]: Paper: Using OpenSSL 1.1.x (Linux x86_64) cipher from Velocity.
[03:25:06] [Server thread/INFO]: [WorldEdit] Loading server plugin WorldEdit v7.3.9-beta-01+e8aa544
[03:25:07] [Server thread/INFO]: Got request to register class com.sk89q.worldedit.bukkit.BukkitServerInterface with WorldEdit [com.sk89q.worldedit.extension.platform.PlatformManager@17164405]
[03:25:07] [Server thread/INFO]: [floodgate] Loading server plugin floodgate v2.2.3-SNAPSHOT (b114-83fbd6e)
[03:25:07] [Server thread/WARN]: [floodgate] en_ is not a supported Floodgate language.
[03:25:07] [Server thread/INFO]: [floodgate] Took 582ms to boot Floodgate
[03:25:07] [Server thread/INFO]: [ViaVersion] Loading server plugin ViaVersion v5.2.0
[03:25:07] [Server thread/INFO]: [ViaVersion] ViaVersion 5.2.0 is now loaded. Registering protocol transformers and injecting...
[03:25:08] [Via-Mappingloader-0/INFO]: [ViaVersion] Loading block connection mappings ...
[03:25:08] [Via-Mappingloader-0/INFO]: [ViaVersion] Using FastUtil Long2ObjectOpenHashMap for block connections
[03:25:08] [Server thread/INFO]: [AngelChest] Loading server plugin AngelChest v13.9.0
[03:25:08] [Server thread/INFO]: [RealRegions] Loading server plugin RealRegions v0.7.4
[03:25:08] [Server thread/INFO]: [Geyser-Spigot] Loading server plugin Geyser-Spigot v2.5.1-SNAPSHOT
[03:25:08] [Server thread/INFO]: [Geyser-Spigot] Loading extensions...
[03:25:08] [Server thread/INFO]: [Geyser-Spigot] Loaded 0 extension(s)
[03:25:09] [Server thread/INFO]: [SkinsRestorer] Loading server plugin SkinsRestorer v15.5.0
[03:25:09] [Server thread/INFO]: Server permissions file permissions.yml is empty, ignoring it
[03:25:09] [Server thread/INFO]: [WorldEdit] Enabling WorldEdit v7.3.9-beta-01+e8aa544
[03:25:09] [Server thread/INFO]: Registering commands with com.sk89q.worldedit.bukkit.BukkitServerInterface
[03:25:09] [Server thread/INFO]: WEPIF: Using the Bukkit Permissions API.
[03:25:09] [Server thread/INFO]: Using com.sk89q.worldedit.bukkit.adapter.impl.v1_21_3.PaperweightAdapter as the Bukkit adapter
[03:25:10] [Server thread/INFO]: [SkinsRestorer] Enabling SkinsRestorer v15.5.0
[03:25:11] [Server thread/WARN]: [SkinsRestorer] You must agree to the rules at 'commands.perSkinPermissionsConsent' in the config to use per skin permissions.
[03:25:11] [Server thread/INFO]: [SkinsRestorer] Running on Minecraft 1.21.3.
[03:25:11] [Server thread/INFO]: [SkinsRestorer] Floodgate skin listener registered
[03:25:12] [Server thread/INFO]: [SkinsRestorer] Using paper join listener!
[03:25:12] [Server thread/WARN]: **** SERVER IS RUNNING IN OFFLINE/INSECURE MODE!
[03:25:12] [Server thread/WARN]: The server will make no attempt to authenticate usernames. Beware.
[03:25:12] [Server thread/WARN]: While this makes the game possible to play without internet access, it also opens up the ability for hackers to connect with any username they choose.
[03:25:12] [Server thread/WARN]: To change this, set "online-mode" to "true" in the server.properties file.
[03:25:12] [Server thread/INFO]: Preparing level "world"
[03:25:12] [Folia Async Scheduler Thread #1/INFO]: [SkinsRestorer] ----------------------------------------------
[03:25:12] [Folia Async Scheduler Thread #1/INFO]: [SkinsRestorer]     +==================+
[03:25:12] [Folia Async Scheduler Thread #1/INFO]: [SkinsRestorer]     |   SkinsRestorer  |
[03:25:12] [Folia Async Scheduler Thread #1/INFO]: [SkinsRestorer]     |------------------|
[03:25:12] [Folia Async Scheduler Thread #1/INFO]: [SkinsRestorer]     |  Standalone Mode |
[03:25:12] [Folia Async Scheduler Thread #1/INFO]: [SkinsRestorer]     +==================+
[03:25:12] [Folia Async Scheduler Thread #1/INFO]: [SkinsRestorer] ----------------------------------------------
[03:25:12] [Folia Async Scheduler Thread #1/INFO]: [SkinsRestorer]     Version: 15.5.0
[03:25:12] [Folia Async Scheduler Thread #1/INFO]: [SkinsRestorer]     Commit: ad418e4
[03:25:12] [Folia Async Scheduler Thread #1/INFO]: [SkinsRestorer]     This is the latest version!
[03:25:12] [Folia Async Scheduler Thread #1/INFO]: [SkinsRestorer] ----------------------------------------------
[03:25:12] [Folia Async Scheduler Thread #1/INFO]: [SkinsRestorer] Do you have issues? Read our troubleshooting guide: https://skinsrestorer.net/docs/troubleshooting
[03:25:12] [Folia Async Scheduler Thread #1/INFO]: [SkinsRestorer] Want to support SkinsRestorer? Consider donating: https://skinsrestorer.net/donate
[03:25:13] [Server thread/INFO]: Preparing start region for dimension minecraft:overworld
[03:25:13] [Paper Common Worker #0/INFO]: [ca.spottedleaf.dataconverter.minecraft.datatypes.MCTypeRegistry] Initialising converters for DataConverter...
[03:25:13] [Paper Common Worker #0/INFO]: [ca.spottedleaf.dataconverter.minecraft.datatypes.MCTypeRegistry] Finished initialising converters for DataConverter in 265.0ms
[03:25:13] [Server thread/INFO]: Preparing spawn area: 0%
[03:25:13] [Server thread/INFO]: Preparing spawn area: 2%
[03:25:14] [Server thread/INFO]: Preparing spawn area: 2%
[03:25:14] [Server thread/INFO]: Time elapsed: 1143 ms
[03:25:14] [Server thread/INFO]: Preparing start region for dimension minecraft:the_nether
[03:25:14] [Server thread/INFO]: Preparing spawn area: 0%
[03:25:14] [Server thread/INFO]: Time elapsed: 170 ms
[03:25:14] [Server thread/INFO]: Preparing start region for dimension minecraft:the_end
[03:25:14] [Server thread/INFO]: Preparing spawn area: 0%
[03:25:14] [Server thread/INFO]: Time elapsed: 74 ms
[03:25:14] [Server thread/INFO]: [floodgate] Enabling floodgate v2.2.3-SNAPSHOT (b114-83fbd6e)
[03:25:14] [Server thread/INFO]: [ViaVersion] Enabling ViaVersion v5.2.0
[03:25:14] [Server thread/INFO]: [ViaVersion] ViaVersion detected server version: 1.21.2-1.21.3 (768)
[03:25:14] [Server thread/INFO]: [AngelChest] Enabling AngelChest v13.9.0
[03:25:14] [Server thread/INFO]: [AngelChest] groups.yml does not exist, skipping custom group settings.
[03:25:14] [Server thread/INFO]: [AngelChest] blacklist.yml does not exist, disabling item blacklist.
[03:25:14] [Server thread/INFO]: [AngelChest] Not using premium version, disabling Graveyards feature
[03:25:15] [Server thread/WARN]: [AngelChest] Could not add usage/description to command acopen
[03:25:15] [Server thread/INFO]: [AngelChest] Vault not installed, disabling economy functions.
[03:25:15] [Server thread/INFO]: [AngelChest] [ACF] Enabled Asynchronous Tab Completion Support!
[03:25:15] [Server thread/INFO]: [AngelChest] Successfully enabled AngelChest v13.9.0 (Premium: false)
[03:25:15] [Server thread/INFO]: [RealRegions] Enabling RealRegions v0.7.4
[03:25:15] [Server thread/INFO]: [RealRegions]  ______           _______           _      
[03:25:15] [Server thread/INFO]: [RealRegions]  | ___ \         | | ___ \         (_)  
[03:25:15] [Server thread/INFO]: [RealRegions]  | |_/ /___  __ _| | |_/ /___  __ _ _  ___  _ __  ___ 
[03:25:15] [Server thread/INFO]: [RealRegions]  |    // _ \/ _` | |    // _ \/ _` | |/ _ \| '_ \/ __|
[03:25:15] [Server thread/INFO]: [RealRegions]  | |\ \  __/ (_| | | |\ \  __/ (_| | | (_) | | | \__ \
[03:25:15] [Server thread/INFO]: [RealRegions]  \_| \_\___|\__,_|_\_| \_\___|\__, |_|\___/|_| |_|___/
[03:25:15] [Server thread/INFO]: [RealRegions]   Made by: JoseGamer_PT        __/ |   Version: 0.7.4
[03:25:15] [Server thread/INFO]: [RealRegions]                               |___/
[03:25:15] [Server thread/INFO]: [RealRegions] 
[03:25:15] [Server thread/INFO]: [RealRegions] Loaded 3 worlds and 4 regions.
[03:25:15] [Server thread/INFO]: [RealRegions] Finished loading in 0.225 seconds.
[03:25:15] [Server thread/INFO]: [RealRegions] <------------------ RealRegions v0.7.4 ------------------>
[03:25:15] [Server thread/INFO]: [Geyser-Spigot] Enabling Geyser-Spigot v2.5.1-SNAPSHOT
[03:25:15] [Server thread/INFO]: [spark] Starting background profiler...
[03:25:16] [Server thread/INFO]: [Geyser-Spigot] ******************************************
[03:25:16] [Server thread/INFO]: [Geyser-Spigot] 
[03:25:16] [Server thread/INFO]: [Geyser-Spigot] Loading Geyser version 2.5.1-b725 (git-master-d2051c2)
[03:25:16] [Server thread/INFO]: [Geyser-Spigot] 
[03:25:16] [Server thread/INFO]: [Geyser-Spigot] ******************************************
[03:25:19] [epollEventLoopGroup-3-2/INFO]: [Geyser-Spigot] Started Geyser on UDP port 2164
[03:25:19] [Server thread/INFO]: [Geyser-Spigot] Done (3.424s)! Run /geyser help for help!
[03:25:19] [Server thread/INFO]: Done preparing level "world" (7.625s)
[03:25:19] [Server thread/INFO]: Running delayed init tasks
[03:25:19] [Craft Scheduler Thread - 2 - ViaVersion/INFO]: [ViaVersion] Finished mapping loading, shutting down loader executor.
[03:25:19] [Server thread/INFO]: Done (23.890s)! For help, type "help"
[03:25:19] [Craft Scheduler Thread - 0 - RealRegions/INFO]: [RealRegions] The plugin is updated to the latest version.
[03:25:22] [Server thread/INFO]: [AngelChest] ========================================================
[03:25:22] [Server thread/INFO]: [AngelChest] You are using the free version of AngelChest. There is
[03:25:22] [Server thread/INFO]: [AngelChest] also a premium version available, called AngelChestPlus.
[03:25:22] [Server thread/INFO]: [AngelChest] It includes TONS of new features and exclusive Discord
[03:25:22] [Server thread/INFO]: [AngelChest] support. The free version will still receive bugfixes,
[03:25:22] [Server thread/INFO]: [AngelChest] but there won't be ANY new features!
[03:25:22] [Server thread/INFO]: [AngelChest] If you like AngelChest, you will LOVE AngelChestPlus, so
[03:25:22] [Server thread/INFO]: [AngelChest] please consider upgrading! Thank you for using AngelChest.
[03:25:22] [Server thread/INFO]: [AngelChest] 
[03:25:22] [Server thread/INFO]: [AngelChest] https://www.spigotmc.org/resources/88214
[03:25:22] [Server thread/INFO]: [AngelChest] ========================================================
[03:26:12] [User Authenticator #0/INFO]: UUID of player Jogitoramon is 7fb7be7d-281c-3be4-a990-a8900131a4bc
[03:26:13] [Server thread/INFO]: Jogitoramon joined the game
[03:26:14] [Server thread/INFO]: Jogitoramon[/127.48.121.197:46957] logged in with entity id 14 at ([world]908.9349680382861, 30.0, -516.6999999880791)
[03:26:35] [User Authenticator #0/INFO]: UUID of player Luis512MC is 5481e4e4-6be3-3172-8677-4830fb8a2f43
[03:26:37] [Server thread/INFO]: Luis512MC joined the game
[03:26:37] [Server thread/INFO]: Luis512MC[/127.48.121.197:52835] logged in with entity id 230 at ([world]1369.699999988079, 63.0, -558.6999999880791)
[03:27:09] [Server thread/INFO]: Luis512MC lost connection: Timed out
[03:27:09] [Server thread/INFO]: Luis512MC left the game
[03:27:25] [User Authenticator #0/INFO]: UUID of player Luis512MC is 5481e4e4-6be3-3172-8677-4830fb8a2f43
[03:27:26] [Server thread/INFO]: Luis512MC joined the game
[03:27:26] [Server thread/INFO]: Luis512MC[/127.48.121.197:41203] logged in with entity id 534 at ([world]1368.1893646378378, 62.9375, -559.6250178688745)
[03:28:03] [Server thread/INFO]: Jogitoramon lost connection: Timed out
[03:28:03] [Server thread/INFO]: Jogitoramon left the game
[03:28:08] [User Authenticator #0/INFO]: UUID of player Jogitoramon is 7fb7be7d-281c-3be4-a990-a8900131a4bc
[03:28:09] [Server thread/INFO]: Jogitoramon joined the game
[03:28:09] [Server thread/INFO]: Jogitoramon[/127.48.121.197:40581] logged in with entity id 786 at ([world]899.8886381770948, 30.0, -520.595694303997)
[03:28:10] [Server thread/INFO]: Luis512MC lost connection: Timed out
[03:28:10] [Server thread/INFO]: Luis512MC left the game
[03:28:20] [User Authenticator #0/INFO]: UUID of player Luis512MC is 5481e4e4-6be3-3172-8677-4830fb8a2f43
[03:28:21] [Server thread/INFO]: Luis512MC joined the game
[03:28:21] [Server thread/INFO]: Luis512MC[/127.48.121.197:33253] logged in with entity id 937 at ([world]1366.5929460701188, 63.0, -555.1662430365147)
[03:29:08] [Server thread/INFO]: Luis512MC lost connection: Timed out
[03:29:08] [Server thread/INFO]: Luis512MC left the game
[03:29:16] [User Authenticator #0/INFO]: UUID of player Luis512MC is 5481e4e4-6be3-3172-8677-4830fb8a2f43
[03:29:17] [Server thread/INFO]: Luis512MC joined the game
[03:29:17] [Server thread/INFO]: Luis512MC[/127.48.121.197:41613] logged in with entity id 1213 at ([world]1359.4527273299523, 63.0, -551.8869933348901)
[03:29:50] [Server thread/INFO]: Jogitoramon lost connection: Timed out
[03:29:50] [Server thread/INFO]: Jogitoramon left the game
[03:29:56] [User Authenticator #0/INFO]: UUID of player Jogitoramon is 7fb7be7d-281c-3be4-a990-a8900131a4bc
[03:29:57] [Server thread/INFO]: Jogitoramon joined the game
[03:29:57] [Server thread/INFO]: Jogitoramon[/127.48.121.197:60497] logged in with entity id 1441 at ([world]905.9189840644128, 26.0, -510.22103760122764)
[03:30:05] [Server thread/INFO]: Luis512MC lost connection: Timed out
[03:30:05] [Server thread/INFO]: Luis512MC left the game
[03:30:20] [User Authenticator #0/INFO]: UUID of player Luis512MC is 5481e4e4-6be3-3172-8677-4830fb8a2f43
[03:30:21] [Server thread/INFO]: Luis512MC joined the game
[03:30:21] [Server thread/INFO]: Luis512MC[/127.48.121.197:46511] logged in with entity id 1665 at ([world]1364.2755840214104, 63.0, -545.9728998104956)
[03:31:11] [Server thread/INFO]: Luis512MC lost connection: Timed out
[03:31:11] [Server thread/INFO]: Luis512MC left the game
[03:31:26] [User Authenticator #1/INFO]: UUID of player Luis512MC is 5481e4e4-6be3-3172-8677-4830fb8a2f43
[03:31:27] [Server thread/INFO]: Luis512MC joined the game
[03:31:27] [Server thread/INFO]: Luis512MC[/127.48.121.197:56459] logged in with entity id 1997 at ([world]1367.5479891187795, 63.0, -542.037694246741)
[03:31:36] [Server thread/INFO]: Jogitoramon was shot by Skeleton
[03:32:09] [Server thread/INFO]: Jogitoramon lost connection: Timed out
[03:32:09] [Server thread/INFO]: Jogitoramon left the game
[03:32:20] [Async Chat Thread - #0/INFO]: [Not Secure] <Luis512MC> XD
[03:32:24] [Server thread/INFO]: Luis512MC lost connection: Timed out
[03:32:24] [Server thread/INFO]: Luis512MC left the game
[03:32:27] [User Authenticator #2/INFO]: UUID of player Jogitoramon is 7fb7be7d-281c-3be4-a990-a8900131a4bc
[03:32:28] [Server thread/INFO]: Jogitoramon joined the game
[03:32:28] [Server thread/INFO]: Jogitoramon[/127.48.121.197:36097] logged in with entity id 2456 at ([world]880.0140455967077, 32.0, -501.6305466237312)
[03:32:34] [User Authenticator #2/INFO]: UUID of player Luis512MC is 5481e4e4-6be3-3172-8677-4830fb8a2f43
[03:32:35] [Server thread/INFO]: Luis512MC joined the game
[03:32:35] [Server thread/INFO]: Luis512MC[/127.48.121.197:58449] logged in with entity id 2542 at ([world]1365.0980458137358, 63.0, -544.4818192528116)
[03:32:46] [Async Chat Thread - #0/INFO]: [Not Secure] <Jogitoramon> pura mierda de internet
[03:33:30] [Server thread/INFO]: Luis512MC lost connection: Timed out
[03:33:30] [Server thread/INFO]: Luis512MC left the game
[03:33:48] [User Authenticator #3/INFO]: UUID of player Luis512MC is 5481e4e4-6be3-3172-8677-4830fb8a2f43
[03:33:49] [Server thread/INFO]: Luis512MC joined the game
[03:33:49] [Server thread/INFO]: Luis512MC[/127.48.121.197:59363] logged in with entity id 3159 at ([world]1360.194031806352, 63.0, -541.3957849811092)
[03:33:56] [Server thread/INFO]: Jogitoramon lost connection: Timed out
[03:33:56] [Server thread/INFO]: Jogitoramon left the game
[03:34:09] [User Authenticator #3/INFO]: UUID of player Jogitoramon is 7fb7be7d-281c-3be4-a990-a8900131a4bc
[03:34:09] [Server thread/INFO]: Jogitoramon joined the game
[03:34:09] [Server thread/INFO]: Jogitoramon[/127.48.121.197:40971] logged in with entity id 3393 at ([world]531.5880437018291, 68.0, -489.91107905214744)
[03:34:26] [Server thread/INFO]: Luis512MC lost connection: Timed out
[03:34:26] [Server thread/INFO]: Luis512MC left the game
[03:34:38] [User Authenticator #3/INFO]: UUID of player Luis512MC is 5481e4e4-6be3-3172-8677-4830fb8a2f43
[03:34:40] [Server thread/INFO]: Luis512MC joined the game
[03:34:40] [Server thread/INFO]: Luis512MC[/127.48.121.197:37217] logged in with entity id 3737 at ([world]1356.1026712144758, 63.0, -551.1438589171065)
[03:35:14] [Server thread/INFO]: Jogitoramon lost connection: Timed out
[03:35:14] [Server thread/INFO]: Jogitoramon left the game
[03:35:38] [Server thread/INFO]: Luis512MC lost connection: Timed out
[03:35:38] [Server thread/INFO]: Luis512MC left the game
[03:35:53] [User Authenticator #4/INFO]: UUID of player Luis512MC is 5481e4e4-6be3-3172-8677-4830fb8a2f43
[03:35:55] [Server thread/INFO]: Luis512MC joined the game
[03:35:55] [Server thread/INFO]: Luis512MC[/127.48.121.197:34819] logged in with entity id 4079 at ([world]1356.347849166948, 63.0, -548.1716166377231)
[03:36:39] [Server thread/INFO]: Stopping the server
[03:36:39] [Server thread/INFO]: Stopping server
[03:36:39] [Server thread/INFO]: [SkinsRestorer] Disabling SkinsRestorer v15.5.0
[03:36:39] [Server thread/INFO]: [Geyser-Spigot] Disabling Geyser-Spigot v2.5.1-SNAPSHOT
[03:36:39] [Server thread/INFO]: [Geyser-Spigot] Shutting down Geyser.
[03:36:39] [Server thread/INFO]: [Geyser-Spigot] Geyser shutdown successfully.
[03:36:39] [Server thread/INFO]: [RealRegions] Disabling RealRegions v0.7.4
[03:36:39] [Server thread/INFO]: [AngelChest] Disabling AngelChest v13.9.0
[03:36:39] [Server thread/ERROR]: Error occurred while disabling AngelChest v13.9.0
java.lang.ExceptionInInitializerError: null
	at AngelChest-13.9.0.jar/de.jeff_media.angelchest.AngelChestMain.onDisable(AngelChestMain.java:442) ~[AngelChest-13.9.0.jar:?]
	at org.bukkit.plugin.java.JavaPlugin.setEnabled(JavaPlugin.java:291) ~[paper-api-1.21.3-R0.1-SNAPSHOT.jar:?]
	at io.papermc.paper.plugin.manager.PaperPluginInstanceManager.disablePlugin(PaperPluginInstanceManager.java:237) ~[paper-1.21.3.jar:1.21.3-29-be886cf]
	at io.papermc.paper.plugin.manager.PaperPluginInstanceManager.disablePlugins(PaperPluginInstanceManager.java:161) ~[paper-1.21.3.jar:1.21.3-29-be886cf]
	at io.papermc.paper.plugin.manager.PaperPluginManagerImpl.disablePlugins(PaperPluginManagerImpl.java:97) ~[paper-1.21.3.jar:1.21.3-29-be886cf]
	at org.bukkit.plugin.SimplePluginManager.disablePlugins(SimplePluginManager.java:541) ~[paper-api-1.21.3-R0.1-SNAPSHOT.jar:?]
	at org.bukkit.craftbukkit.CraftServer.disablePlugins(CraftServer.java:612) ~[paper-1.21.3.jar:1.21.3-29-be886cf]
	at net.minecraft.server.MinecraftServer.stopServer(MinecraftServer.java:1058) ~[paper-1.21.3.jar:1.21.3-29-be886cf]
	at net.minecraft.server.dedicated.DedicatedServer.stopServer(DedicatedServer.java:793) ~[paper-1.21.3.jar:1.21.3-29-be886cf]
	at net.minecraft.server.MinecraftServer.runServer(MinecraftServer.java:1396) ~[paper-1.21.3.jar:1.21.3-29-be886cf]
	at net.minecraft.server.MinecraftServer.lambda$spin$0(MinecraftServer.java:339) ~[paper-1.21.3.jar:1.21.3-29-be886cf]
	at java.base/java.lang.Thread.run(Thread.java:1583) ~[?:?]
Caused by: org.bukkit.plugin.IllegalPluginAccessException: Plugin attempted to register task while disabled
	at org.bukkit.craftbukkit.scheduler.CraftScheduler.validate(CraftScheduler.java:536) ~[paper-1.21.3.jar:1.21.3-29-be886cf]
	at org.bukkit.craftbukkit.scheduler.CraftScheduler.runTaskTimer(CraftScheduler.java:218) ~[paper-1.21.3.jar:1.21.3-29-be886cf]
	at org.bukkit.craftbukkit.scheduler.CraftScheduler.runTaskTimer(CraftScheduler.java:209) ~[paper-1.21.3.jar:1.21.3-29-be886cf]
	at org.bukkit.scheduler.BukkitRunnable.runTaskTimer(BukkitRunnable.java:117) ~[paper-api-1.21.3-R0.1-SNAPSHOT.jar:?]
	at AngelChest-13.9.0.jar/de.jeff_media.angelchest.AngelChestMain$$aF.<clinit>(GraveyardListener.java:57) ~[AngelChest-13.9.0.jar:?]
	... 12 more
[03:36:39] [Server thread/INFO]: [ViaVersion] Disabling ViaVersion v5.2.0
[03:36:39] [Server thread/INFO]: [ViaVersion] ViaVersion has been disabled; uninjected the platform and shut down the scheduler.
[03:36:39] [Server thread/INFO]: [floodgate] Disabling floodgate v2.2.3-SNAPSHOT (b114-83fbd6e)
[03:36:39] [Server thread/INFO]: [WorldEdit] Disabling WorldEdit v7.3.9-beta-01+e8aa544
[03:36:39] [Server thread/INFO]: Unregistering com.sk89q.worldedit.bukkit.BukkitServerInterface from WorldEdit
[03:36:39] [Server thread/INFO]: Saving players
[03:36:39] [Server thread/INFO]: Luis512MC lost connection: Server closed
[03:36:39] [Server thread/INFO]: Luis512MC left the game
[03:36:39] [WebSocketConnectReadThread-99/INFO]: [Geyser-Spigot] The skin uploader has been closed
[03:36:39] [Server thread/INFO]: Saving worlds
[03:36:39] [Server thread/INFO]: Saving chunks for level 'ServerLevel[world]'/minecraft:overworld
[03:36:39] [Server thread/INFO]: [ca.spottedleaf.moonrise.patches.chunk_system.scheduling.ChunkHolderManager] Waiting 60s for chunk system to halt for world 'world'
[03:36:39] [Server thread/INFO]: [ca.spottedleaf.moonrise.patches.chunk_system.scheduling.ChunkHolderManager] Halted chunk system for world 'world'
[03:36:39] [Server thread/INFO]: [ca.spottedleaf.moonrise.patches.chunk_system.scheduling.ChunkHolderManager] Saving all chunkholders for world 'world'
[03:36:40] [Server thread/INFO]: [ca.spottedleaf.moonrise.patches.chunk_system.scheduling.ChunkHolderManager] Saved 678 block chunks, 685 entity chunks, 0 poi chunks in world 'world' in 1.26s
[03:36:40] [Server thread/INFO]: [ca.spottedleaf.moonrise.patches.chunk_system.scheduling.ChunkHolderManager] Waiting 60s for chunk I/O to halt for world 'world'
[03:36:40] [Server thread/INFO]: [ca.spottedleaf.moonrise.patches.chunk_system.scheduling.ChunkHolderManager] Halted I/O scheduler for world 'world'
[03:36:40] [Server thread/INFO]: Saving chunks for level 'ServerLevel[world_nether]'/minecraft:the_nether
[03:36:40] [Server thread/INFO]: [ca.spottedleaf.moonrise.patches.chunk_system.scheduling.ChunkHolderManager] Waiting 60s for chunk system to halt for world 'world_nether'
[03:36:40] [Server thread/INFO]: [ca.spottedleaf.moonrise.patches.chunk_system.scheduling.ChunkHolderManager] Halted chunk system for world 'world_nether'
[03:36:40] [Server thread/INFO]: [ca.spottedleaf.moonrise.patches.chunk_system.scheduling.ChunkHolderManager] Saving all chunkholders for world 'world_nether'
[03:36:40] [Server thread/INFO]: [ca.spottedleaf.moonrise.patches.chunk_system.scheduling.ChunkHolderManager] Saved 0 block chunks, 3 entity chunks, 0 poi chunks in world 'world_nether' in 0.00s
[03:36:40] [Server thread/INFO]: [ca.spottedleaf.moonrise.patches.chunk_system.scheduling.ChunkHolderManager] Waiting 60s for chunk I/O to halt for world 'world_nether'
[03:36:40] [Server thread/INFO]: [ca.spottedleaf.moonrise.patches.chunk_system.scheduling.ChunkHolderManager] Halted I/O scheduler for world 'world_nether'
[03:36:40] [Server thread/INFO]: Saving chunks for level 'ServerLevel[world_the_end]'/minecraft:the_end
[03:36:40] [Server thread/INFO]: [ca.spottedleaf.moonrise.patches.chunk_system.scheduling.ChunkHolderManager] Waiting 60s for chunk system to halt for world 'world_the_end'
[03:36:40] [Server thread/INFO]: [ca.spottedleaf.moonrise.patches.chunk_system.scheduling.ChunkHolderManager] Halted chunk system for world 'world_the_end'
[03:36:40] [Server thread/INFO]: [ca.spottedleaf.moonrise.patches.chunk_system.scheduling.ChunkHolderManager] Saving all chunkholders for world 'world_the_end'
[03:36:40] [Server thread/INFO]: [ca.spottedleaf.moonrise.patches.chunk_system.scheduling.ChunkHolderManager] Saved 0 block chunks, 0 entity chunks, 0 poi chunks in world 'world_the_end' in 0.00s
[03:36:40] [Server thread/INFO]: [ca.spottedleaf.moonrise.patches.chunk_system.scheduling.ChunkHolderManager] Waiting 60s for chunk I/O to halt for world 'world_the_end'
[03:36:40] [Server thread/INFO]: [ca.spottedleaf.moonrise.patches.chunk_system.scheduling.ChunkHolderManager] Halted I/O scheduler for world 'world_the_end'
[03:36:40] [Server thread/INFO]: ThreadedAnvilChunkStorage (world): All chunks are saved
[03:36:40] [Server thread/INFO]: ThreadedAnvilChunkStorage (DIM-1): All chunks are saved
[03:36:40] [Server thread/INFO]: ThreadedAnvilChunkStorage (DIM1): All chunks are saved
[03:36:40] [Server thread/INFO]: ThreadedAnvilChunkStorage: All dimensions are saved
[03:36:40] [Server thread/INFO]: Waiting for I/O tasks to complete...
[03:36:40] [Server thread/INFO]: All I/O tasks to complete
[03:36:40] [Server thread/INFO]: [ca.spottedleaf.moonrise.common.util.MoonriseCommon] Awaiting termination of worker pool for up to 60s...
[03:36:40] [Server thread/INFO]: [ca.spottedleaf.moonrise.common.util.MoonriseCommon] Awaiting termination of I/O pool for up to 60s...
